<?xml version="1.0" encoding="UTF-8"?>
<!-- Generated by org.testng.reporters.JUnitReportReporter -->
<testsuite hostname="DESKTOP-7SUM208" failures="1" tests="3" name="testCases.TC003_SearchSearvice" time="23.598" errors="0" timestamp="2025-08-05T11:19:17 IST" skipped="1">
  <testcase classname="testCases.TC003_SearchSearvice" name="search" time="14.476">
    <system-out>
      <![CDATA[******* Starting TC003_SearchSearvice ******
Search for service...
Validating expected message...
******* Finshed TC003_SearchSearvice ******]]>
    </system-out>
  </testcase> <!-- search -->
  <testcase classname="testCases.TC003_SearchSearvice" name="search" time="0.000">
    <skipped/>
  </testcase> <!-- search -->
  <testcase classname="testCases.TC003_SearchSearvice" name="login" time="9.122">
    <failure message="expected [true] but found [false]" type="java.lang.AssertionError">
      <![CDATA[java.lang.AssertionError: expected [true] but found [false]
at org.testng.Assert.fail(Assert.java:111)
at org.testng.Assert.failNotEquals(Assert.java:1578)
at org.testng.Assert.assertTrue(Assert.java:57)
at org.testng.Assert.assertTrue(Assert.java:67)
at testBase.BaseClass.login(BaseClass.java:132)
at java.base/jdk.internal.reflect.NativeMethodAccessorImpl.invoke0(Native Method)
at java.base/jdk.internal.reflect.NativeMethodAccessorImpl.invoke(NativeMethodAccessorImpl.java:77)
at java.base/jdk.internal.reflect.DelegatingMethodAccessorImpl.invoke(DelegatingMethodAccessorImpl.java:43)
at java.base/java.lang.reflect.Method.invoke(Method.java:569)
at org.testng.internal.invokers.MethodInvocationHelper.invokeMethod(MethodInvocationHelper.java:141)
at org.testng.internal.invokers.MethodInvocationHelper.invokeMethodConsideringTimeout(MethodInvocationHelper.java:71)
at org.testng.internal.invokers.ConfigInvoker.invokeConfigurationMethod(ConfigInvoker.java:400)
at org.testng.internal.invokers.ConfigInvoker.invokeConfigurations(ConfigInvoker.java:333)
at org.testng.internal.invokers.TestInvoker.runConfigMethods(TestInvoker.java:833)
at org.testng.internal.invokers.TestInvoker.invokeMethod(TestInvoker.java:600)
at org.testng.internal.invokers.TestInvoker.invokeTestMethod(TestInvoker.java:230)
at org.testng.internal.invokers.MethodRunner.runInSequence(MethodRunner.java:63)
at org.testng.internal.invokers.TestInvoker$MethodInvocationAgent.invoke(TestInvoker.java:992)
at org.testng.internal.invokers.TestInvoker.invokeTestMethods(TestInvoker.java:203)
at org.testng.internal.invokers.TestMethodWorker.invokeTestMethods(TestMethodWorker.java:154)
at org.testng.internal.invokers.TestMethodWorker.run(TestMethodWorker.java:134)
at java.base/java.util.ArrayList.forEach(ArrayList.java:1511)
at org.testng.TestRunner.privateRun(TestRunner.java:739)
at org.testng.TestRunner.run(TestRunner.java:614)
at org.testng.SuiteRunner.runTest(SuiteRunner.java:421)
at org.testng.SuiteRunner.runSequentially(SuiteRunner.java:413)
at org.testng.SuiteRunner.privateRun(SuiteRunner.java:373)
at org.testng.SuiteRunner.run(SuiteRunner.java:312)
at org.testng.SuiteRunnerWorker.runSuite(SuiteRunnerWorker.java:52)
at org.testng.SuiteRunnerWorker.run(SuiteRunnerWorker.java:95)
at org.testng.TestNG.runSuitesSequentially(TestNG.java:1274)
at org.testng.TestNG.runSuitesLocally(TestNG.java:1208)
at org.testng.TestNG.runSuites(TestNG.java:1112)
at org.testng.TestNG.run(TestNG.java:1079)
at org.apache.maven.surefire.testng.TestNGExecutor.run(TestNGExecutor.java:308)
at org.apache.maven.surefire.testng.TestNGXmlTestSuite.execute(TestNGXmlTestSuite.java:71)
at org.apache.maven.surefire.testng.TestNGProvider.invoke(TestNGProvider.java:113)
at org.apache.maven.surefire.booter.ForkedBooter.runSuitesInProcess(ForkedBooter.java:385)
at org.apache.maven.surefire.booter.ForkedBooter.execute(ForkedBooter.java:162)
at org.apache.maven.surefire.booter.ForkedBooter.run(ForkedBooter.java:507)
at org.apache.maven.surefire.booter.ForkedBooter.main(ForkedBooter.java:495)
]]>
    </failure>
  </testcase> <!-- login -->
  <system-out>
    <![CDATA[Browser got launched...
Clicked on Profile logo...
Providing moblile number...
Providing OTP...
Validating expected message...
succefully naviget to Home page...
Logout successfull...
Browser got closed...
Browser got launched...
******* Starting TC002_SignInDDT ******
Clicked on Profile logo...
Providing moblile number...
Providing otp...
Validating expected message...
Login successfull...
******* Finished TC002_SignInDDT ******
******* Starting TC002_SignInDDT ******
Clicked on Profile logo...
Providing moblile number...
Providing otp...
Validating expected message...
Invalid creadential...
******* Finished TC002_SignInDDT ******
******* Starting TC002_SignInDDT ******
Clicked on Profile logo...
Providing moblile number...
Providing otp...
Validating expected message...
Invalid creadential...
******* Finished TC002_SignInDDT ******
******* Starting TC002_SignInDDT ******
Clicked on Profile logo...
Providing moblile number...
Providing otp...
Validating expected message...
Invalid creadential...
******* Finished TC002_SignInDDT ******
******* Starting TC002_SignInDDT ******
Clicked on Profile logo...
Providing moblile number...
Providing otp...
Validating expected message...
Login successfull...
******* Finished TC002_SignInDDT ******
Browser got closed...
Browser got launched...
Clicked on Profile logo...
Providing moblile number...
Providing OTP...
Validating expected message...
succefully naviget to Home page...
******* Starting TC003_SearchSearvice ******
Search for service...
Validating expected message...
******* Finshed TC003_SearchSearvice ******
Logout successfull...
Browser got closed...
Browser got launched...
Clicked on Profile logo...
Providing moblile number...
Providing OTP...
Validating expected message...
succefully naviget to Home page...
******* Starting TC004_ProfilePage ******
Click on Profile Loga...
Click on Profile LInk...
Validate the expected page...
******* Finesghed TC004_ProfilePage ******
Logout successfull...
Browser got closed...
Browser got launched...
Clicked on Profile logo...
Providing moblile number...
Providing OTP...
Validating expected message...
succefully naviget to Home page...
******* Starting TC005_MyRequest ******
Click on Profile Loga...
Click on My Request Link...
Validating expected page...
******* Fineshed TC005_MyRequest ******
Logout successfull...
Browser got closed...
Browser got launched...
Clicked on Profile logo...
Providing moblile number...
Providing OTP...
Validating expected message...
succefully naviget to Home page...
****** Stated TC006_PaymentHistoryPage ******
Click on profile Logo...
Click on Payment History Page...
Validating expected page...
Logout successfull...
Browser got closed...
Browser got launched...
Clicked on Profile logo...
Providing moblile number...
Providing OTP...
Validating expected message...
succefully naviget to Home page...
****** Stated TC0007_PaymentPage *****
click on profile logo...
click on profile link...
Click on payment page link...
Validating expected page...
****** Finshed TC0007_PaymentPage *****
Logout successfull...
Browser got closed...
Browser got launched...
Clicked on Profile logo...
Providing moblile number...
Providing OTP...
Validating expected message...
succefully naviget to Home page...
****** Stated TC008_ContactUsPage ******
Click to contactUs page...
Validating expected message...
****** fineshed TC008_ContactUsPage ******
Logout successfull...
Browser got closed...
Browser got launched...
****** Stated TC012_NearMePage ******
Capture the Title...
Validate the title...
Successfully navigate to Near me page...
******* Finshed TC012_NearMePage ******
Browser got launched...
Browser got launched...
******* Starting TC002_SignInDDT ******
Clicked on Profile logo...
Providing moblile number...
Providing otp...
Invalid creadential...
******* Finished TC002_SignInDDT ******
******* Starting TC002_SignInDDT ******
Clicked on Profile logo...
Providing moblile number...
Providing otp...
Invalid creadential...
******* Finished TC002_SignInDDT ******
******* Starting TC002_SignInDDT ******
Clicked on Profile logo...
Providing moblile number...
Providing otp...
Invalid creadential...
******* Finished TC002_SignInDDT ******
******* Starting TC002_SignInDDT ******
Clicked on Profile logo...
Providing moblile number...
Providing otp...
Invalid creadential...
******* Finished TC002_SignInDDT ******
******* Starting TC002_SignInDDT ******
Clicked on Profile logo...
Providing moblile number...
Providing otp...
Invalid creadential...
******* Finished TC002_SignInDDT ******
Browser got closed...
Browser got launched...
Browser got launched...
Clicked on Profile logo...
Providing moblile number...
Providing OTP...
Browser got launched...
Clicked on Profile logo...
Providing moblile number...
Providing OTP...
Browser got launched...
Browser got launched...
Clicked on Profile logo...
Providing moblile number...
Providing OTP...
Browser got launched...
Clicked on Profile logo...
Providing moblile number...
Providing OTP...
Browser got launched...
****** Stated TC012_NearMePage ******
Capture the Title...
Validate the title...
Successfully navigate to Near me page...
******* Finshed TC012_NearMePage ******]]>
  </system-out>
</testsuite> <!-- testCases.TC003_SearchSearvice -->
